[handleMsg]:  {
  key: {
    remoteJid: '5492612533741@s.whatsapp.net',
    fromMe: false,
    id: 'A4C4167E4604CFD2426EEF08061F1D81',
    participant: undefined
  },
  messageTimestamp: 1716987261,
  pushName: 'Luis',
  broadcast: false,
  message: Message {
    conversation: 'Hola',
    messageContextInfo: MessageContextInfo {
      deviceListMetadata: [DeviceListMetadata],
      deviceListMetadataVersion: 2
    }
  },
  body: 'Hola',
  from: '5492612533741'
}
[QUEUE_SE_ENVIO]:  {
  ref: 'ans_dac70cc2-fbbb-426a-8624-4c410e8d6dff',
  keyword: 'key_b7f53bf5-4602-44e8-8305-d098721c072e',
  answer: 'Realiza tu pregunta:',
  options: {
    media: null,
    buttons: [],
    capture: true,
    child: null,
    delay: 0,
    idle: null,
    ref: null,
    nested: [],
    keyword: {},
    callback: true
  },
  refSerialize: '12121c808aa67bb321fdd1d1cdd482e0'
}
[handleMsg]:  {
  key: {
    remoteJid: '5492612533741@s.whatsapp.net',
    fromMe: false,
    id: '10FC31941CA28C46A513223B2C068AD0',
    participant: undefined
  },
  messageTimestamp: 1716987263,
  pushName: 'Luis',
  broadcast: false,
  message: Message {
    conversation: 'Hola',
    messageContextInfo: MessageContextInfo {
      deviceListMetadata: [DeviceListMetadata],
      deviceListMetadataVersion: 2
    }
  },
  body: 'Hola',
  from: '5492612533741'
}
[handleMsg]:  {
  key: {
    remoteJid: '5492612533741@s.whatsapp.net',
    fromMe: false,
    id: '80BDF1EBF52F3395A44059454E65613D',
    participant: undefined
  },
  messageTimestamp: 1716987272,
  pushName: 'Luis',
  broadcast: false,
  message: Message {
    conversation: 'Hola',
    messageContextInfo: MessageContextInfo {
      deviceListMetadata: [DeviceListMetadata],
      deviceListMetadataVersion: 2
    }
  },
  body: 'Hola',
  from: '5492612533741'
}
[QUEUE_SE_ENVIO]:  {
  ref: 'ans_dac70cc2-fbbb-426a-8624-4c410e8d6dff',
  keyword: 'key_b7f53bf5-4602-44e8-8305-d098721c072e',
  answer: 'Realiza tu pregunta:',
  options: {
    media: null,
    buttons: [],
    capture: true,
    child: null,
    delay: 0,
    idle: null,
    ref: null,
    nested: [],
    keyword: {},
    callback: true
  },
  refSerialize: '12121c808aa67bb321fdd1d1cdd482e0'
}
[handleMsg]:  {
  key: {
    remoteJid: '5492612533741@s.whatsapp.net',
    fromMe: false,
    id: 'C0B06957EA110EE5C376DFEF53C2CC08',
    participant: undefined
  },
  messageTimestamp: 1716987277,
  pushName: 'Luis',
  broadcast: false,
  message: Message {
    conversation: 'Hola que es la pancreatitis',
    messageContextInfo: MessageContextInfo {
      deviceListMetadata: [DeviceListMetadata],
      deviceListMetadataVersion: 2
    }
  },
  body: 'Hola que es la pancreatitis',
  from: '5492612533741'
}
